[12-Apr-2017 07:52:37 UTC] PHP Fatal error:  Class 'Twig_Template' not found in /home/ubuntu/workspace/wp-content/uploads/cache/wpml/twig/3b/3bdf15539b8c2cfe39c60a00f95e9c6133edc9d42c759f0723917375ce7cdf81.php on line 5
[12-Apr-2017 07:52:37 UTC] PHP Stack trace:
[12-Apr-2017 07:52:37 UTC] PHP   1. {main}() /home/ubuntu/workspace/wp-content/uploads/cache/wpml/twig/3b/3bdf15539b8c2cfe39c60a00f95e9c6133edc9d42c759f0723917375ce7cdf81.php:0
[12-Apr-2017 07:52:37 UTC] PHP Fatal error:  Class 'Twig_Template' not found in /home/ubuntu/workspace/wp-content/uploads/cache/wpml/twig/01/01c6d4ca6ded4cd96593c58b177b0323431c65793c727ae319ab230e117c3cef.php on line 5
[12-Apr-2017 07:52:37 UTC] PHP Stack trace:
[12-Apr-2017 07:52:37 UTC] PHP   1. {main}() /home/ubuntu/workspace/wp-content/uploads/cache/wpml/twig/01/01c6d4ca6ded4cd96593c58b177b0323431c65793c727ae319ab230e117c3cef.php:0
[12-Apr-2017 07:52:38 UTC] PHP Fatal error:  Class 'Twig_Template' not found in /home/ubuntu/workspace/wp-content/uploads/cache/wpml/twig/6d/6d38aee1b0b52fc1df5d4dd5fae9be69150d7ee7fd96f50b016c0743e7cf9b7a.php on line 5
[12-Apr-2017 07:52:38 UTC] PHP Stack trace:
[12-Apr-2017 07:52:38 UTC] PHP   1. {main}() /home/ubuntu/workspace/wp-content/uploads/cache/wpml/twig/6d/6d38aee1b0b52fc1df5d4dd5fae9be69150d7ee7fd96f50b016c0743e7cf9b7a.php:0
[12-Apr-2017 07:52:39 UTC] PHP Fatal error:  Class 'Twig_Template' not found in /home/ubuntu/workspace/wp-content/uploads/cache/wpml/twig/8e/8ee4d2a9b6133412d6df798936559b1c7654c116ddcea6ba336505a086de63f6.php on line 5
[12-Apr-2017 07:52:39 UTC] PHP Stack trace:
[12-Apr-2017 07:52:39 UTC] PHP   1. {main}() /home/ubuntu/workspace/wp-content/uploads/cache/wpml/twig/8e/8ee4d2a9b6133412d6df798936559b1c7654c116ddcea6ba336505a086de63f6.php:0
[12-Apr-2017 07:52:40 UTC] PHP Fatal error:  Class 'Twig_Template' not found in /home/ubuntu/workspace/wp-content/uploads/cache/wpml/twig/00/00c83027c867f514ac6a451cd08265adc263f4483e08924ecd9407055141bee1.php on line 5
[12-Apr-2017 07:52:40 UTC] PHP Stack trace:
[12-Apr-2017 07:52:40 UTC] PHP   1. {main}() /home/ubuntu/workspace/wp-content/uploads/cache/wpml/twig/00/00c83027c867f514ac6a451cd08265adc263f4483e08924ecd9407055141bee1.php:0
[12-Apr-2017 07:52:40 UTC] PHP Fatal error:  Class 'Twig_Template' not found in /home/ubuntu/workspace/wp-content/uploads/cache/wpml/twig/02/02b6919d3968a1be1f791f5b2e7120ff04797f39ffc7b5d1e0c9ef45219a2f69.php on line 5
[12-Apr-2017 07:52:40 UTC] PHP Stack trace:
[12-Apr-2017 07:52:40 UTC] PHP   1. {main}() /home/ubuntu/workspace/wp-content/uploads/cache/wpml/twig/02/02b6919d3968a1be1f791f5b2e7120ff04797f39ffc7b5d1e0c9ef45219a2f69.php:0
[12-Apr-2017 07:52:41 UTC] PHP Fatal error:  Class 'Twig_Template' not found in /home/ubuntu/workspace/wp-content/uploads/cache/wpml/twig/02/029c2c6b5115429a08a9d71dac97b97b76707316f4f74192ded3adbc790db7db.php on line 5
[12-Apr-2017 07:52:41 UTC] PHP Stack trace:
[12-Apr-2017 07:52:41 UTC] PHP   1. {main}() /home/ubuntu/workspace/wp-content/uploads/cache/wpml/twig/02/029c2c6b5115429a08a9d71dac97b97b76707316f4f74192ded3adbc790db7db.php:0
[12-Apr-2017 07:52:42 UTC] PHP Fatal error:  Class 'Twig_Template' not found in /home/ubuntu/workspace/wp-content/uploads/cache/wpml/twig/66/6621489450b01d0fc8df3af76998d7ca5628e34f06b168aed31c37ce4cd52cd5.php on line 5
[12-Apr-2017 07:52:42 UTC] PHP Stack trace:
[12-Apr-2017 07:52:42 UTC] PHP   1. {main}() /home/ubuntu/workspace/wp-content/uploads/cache/wpml/twig/66/6621489450b01d0fc8df3af76998d7ca5628e34f06b168aed31c37ce4cd52cd5.php:0
[12-Apr-2017 07:52:42 UTC] PHP Fatal error:  Class 'Twig_Template' not found in /home/ubuntu/workspace/wp-content/uploads/cache/wpml/twig/a8/a88ec2b03171f15ab424e1f364ddba2dd7f3dcfbc67f933e0fd4f2154c225d93.php on line 5
[12-Apr-2017 07:52:42 UTC] PHP Stack trace:
[12-Apr-2017 07:52:42 UTC] PHP   1. {main}() /home/ubuntu/workspace/wp-content/uploads/cache/wpml/twig/a8/a88ec2b03171f15ab424e1f364ddba2dd7f3dcfbc67f933e0fd4f2154c225d93.php:0
[12-Apr-2017 07:52:43 UTC] PHP Fatal error:  Class 'Twig_Template' not found in /home/ubuntu/workspace/wp-content/uploads/cache/wpml/twig/b6/b64cf20fae8d3fcfd5453ca95d57397f2c7f55c42dc621b5af3c4d80c02c9ae6.php on line 5
[12-Apr-2017 07:52:43 UTC] PHP Stack trace:
[12-Apr-2017 07:52:43 UTC] PHP   1. {main}() /home/ubuntu/workspace/wp-content/uploads/cache/wpml/twig/b6/b64cf20fae8d3fcfd5453ca95d57397f2c7f55c42dc621b5af3c4d80c02c9ae6.php:0
[12-Apr-2017 07:52:44 UTC] PHP Fatal error:  Class 'Twig_Template' not found in /home/ubuntu/workspace/wp-content/uploads/cache/wpml/twig/86/86d22382ac2acb5f6091b11ec336a9fc28200b2ef94824eeab80bda661d90178.php on line 5
[12-Apr-2017 07:52:44 UTC] PHP Stack trace:
[12-Apr-2017 07:52:44 UTC] PHP   1. {main}() /home/ubuntu/workspace/wp-content/uploads/cache/wpml/twig/86/86d22382ac2acb5f6091b11ec336a9fc28200b2ef94824eeab80bda661d90178.php:0
[12-Apr-2017 07:52:44 UTC] PHP Fatal error:  Class 'Twig_Template' not found in /home/ubuntu/workspace/wp-content/uploads/cache/wpml/twig/2b/2b5321c85e659e3cd2c25bd44265953f93a9bcbe07edbe274f5d404cd0ee824e.php on line 5
[12-Apr-2017 07:52:44 UTC] PHP Stack trace:
[12-Apr-2017 07:52:44 UTC] PHP   1. {main}() /home/ubuntu/workspace/wp-content/uploads/cache/wpml/twig/2b/2b5321c85e659e3cd2c25bd44265953f93a9bcbe07edbe274f5d404cd0ee824e.php:0
[12-Apr-2017 07:52:45 UTC] PHP Fatal error:  Class 'Twig_Template' not found in /home/ubuntu/workspace/wp-content/uploads/cache/wpml/twig/3a/3a53b6739d9d10c12736de7996812154667edf52d9e5e1bf947bae8826e99bde.php on line 5
[12-Apr-2017 07:52:45 UTC] PHP Stack trace:
[12-Apr-2017 07:52:45 UTC] PHP   1. {main}() /home/ubuntu/workspace/wp-content/uploads/cache/wpml/twig/3a/3a53b6739d9d10c12736de7996812154667edf52d9e5e1bf947bae8826e99bde.php:0
[12-Apr-2017 07:52:46 UTC] PHP Fatal error:  Class 'Twig_Template' not found in /home/ubuntu/workspace/wp-content/uploads/cache/wpml/twig/56/568cd680a1ac78b22a5881e74bb591abd580d4a47dd0a8d420080f4acaa8296c.php on line 5
[12-Apr-2017 07:52:46 UTC] PHP Stack trace:
[12-Apr-2017 07:52:46 UTC] PHP   1. {main}() /home/ubuntu/workspace/wp-content/uploads/cache/wpml/twig/56/568cd680a1ac78b22a5881e74bb591abd580d4a47dd0a8d420080f4acaa8296c.php:0
[12-Apr-2017 07:52:47 UTC] PHP Fatal error:  Class 'Twig_Template' not found in /home/ubuntu/workspace/wp-content/uploads/cache/wpml/twig/71/7150e5cad57353129446484d0f72dd29cc4b2974a18141de3a5e6aa021f15abd.php on line 5
[12-Apr-2017 07:52:47 UTC] PHP Stack trace:
[12-Apr-2017 07:52:47 UTC] PHP   1. {main}() /home/ubuntu/workspace/wp-content/uploads/cache/wpml/twig/71/7150e5cad57353129446484d0f72dd29cc4b2974a18141de3a5e6aa021f15abd.php:0
[12-Apr-2017 07:52:47 UTC] PHP Fatal error:  Class 'Twig_Template' not found in /home/ubuntu/workspace/wp-content/uploads/cache/wpml/twig/1d/1dcb433304db79fa61457976bff78b5e7f61e65ca326b846b0d7b3392e8f01d1.php on line 5
[12-Apr-2017 07:52:47 UTC] PHP Stack trace:
[12-Apr-2017 07:52:47 UTC] PHP   1. {main}() /home/ubuntu/workspace/wp-content/uploads/cache/wpml/twig/1d/1dcb433304db79fa61457976bff78b5e7f61e65ca326b846b0d7b3392e8f01d1.php:0
[12-Apr-2017 07:52:48 UTC] PHP Fatal error:  Class 'Twig_Template' not found in /home/ubuntu/workspace/wp-content/uploads/cache/wpml/twig/cc/cc543bc0a862919c0229b93a1af5cb610b8d5a4d98a9fb2261aad324eaa48d27.php on line 5
[12-Apr-2017 07:52:48 UTC] PHP Stack trace:
[12-Apr-2017 07:52:48 UTC] PHP   1. {main}() /home/ubuntu/workspace/wp-content/uploads/cache/wpml/twig/cc/cc543bc0a862919c0229b93a1af5cb610b8d5a4d98a9fb2261aad324eaa48d27.php:0
[12-Apr-2017 07:52:49 UTC] PHP Fatal error:  Class 'Twig_Template' not found in /home/ubuntu/workspace/wp-content/uploads/cache/wpml/twig/e2/e219b7e84aaa5b751ca06654935b23b251f915ae4a9ab164bb34eb8eeb97ff11.php on line 5
[12-Apr-2017 07:52:49 UTC] PHP Stack trace:
[12-Apr-2017 07:52:49 UTC] PHP   1. {main}() /home/ubuntu/workspace/wp-content/uploads/cache/wpml/twig/e2/e219b7e84aaa5b751ca06654935b23b251f915ae4a9ab164bb34eb8eeb97ff11.php:0
[12-Apr-2017 07:52:49 UTC] PHP Fatal error:  Class 'Twig_Template' not found in /home/ubuntu/workspace/wp-content/uploads/cache/wpml/twig/f6/f62f8c62bdd38db0ce4f65e83e624435732c4e6b816c6e506f8bbb3c699005d4.php on line 5
[12-Apr-2017 07:52:49 UTC] PHP Stack trace:
[12-Apr-2017 07:52:49 UTC] PHP   1. {main}() /home/ubuntu/workspace/wp-content/uploads/cache/wpml/twig/f6/f62f8c62bdd38db0ce4f65e83e624435732c4e6b816c6e506f8bbb3c699005d4.php:0
[12-Apr-2017 07:52:50 UTC] PHP Fatal error:  Class 'Twig_Template' not found in /home/ubuntu/workspace/wp-content/uploads/cache/wpml/twig/c8/c8e3de6718235e2ae86fa517a2ecd2edf49ab94ce83f6ea2de73f18ef5cc89c0.php on line 5
[12-Apr-2017 07:52:50 UTC] PHP Stack trace:
[12-Apr-2017 07:52:50 UTC] PHP   1. {main}() /home/ubuntu/workspace/wp-content/uploads/cache/wpml/twig/c8/c8e3de6718235e2ae86fa517a2ecd2edf49ab94ce83f6ea2de73f18ef5cc89c0.php:0
[12-Apr-2017 07:52:51 UTC] PHP Fatal error:  Class 'Twig_Template' not found in /home/ubuntu/workspace/wp-content/uploads/cache/wpml/twig/81/81057799b203c2f98d964817216f2addaf00d74cc746e76143811d0137570c91.php on line 5
[12-Apr-2017 07:52:51 UTC] PHP Stack trace:
[12-Apr-2017 07:52:51 UTC] PHP   1. {main}() /home/ubuntu/workspace/wp-content/uploads/cache/wpml/twig/81/81057799b203c2f98d964817216f2addaf00d74cc746e76143811d0137570c91.php:0
[12-Apr-2017 07:52:52 UTC] PHP Fatal error:  Class 'Twig_Template' not found in /home/ubuntu/workspace/wp-content/uploads/cache/wpml/twig/db/db814cb846a7dbdd390d270e348f6e672785b3b2fcb7da4d96d337108a0e4bd3.php on line 5
[12-Apr-2017 07:52:52 UTC] PHP Stack trace:
[12-Apr-2017 07:52:52 UTC] PHP   1. {main}() /home/ubuntu/workspace/wp-content/uploads/cache/wpml/twig/db/db814cb846a7dbdd390d270e348f6e672785b3b2fcb7da4d96d337108a0e4bd3.php:0
[12-Apr-2017 07:52:52 UTC] PHP Fatal error:  Class 'Twig_Template' not found in /home/ubuntu/workspace/wp-content/uploads/cache/wpml/twig/1b/1b577801d9a003b35a7d1711668d8d80e48f6b673b023cb5dad38c3533233747.php on line 5
[12-Apr-2017 07:52:52 UTC] PHP Stack trace:
[12-Apr-2017 07:52:52 UTC] PHP   1. {main}() /home/ubuntu/workspace/wp-content/uploads/cache/wpml/twig/1b/1b577801d9a003b35a7d1711668d8d80e48f6b673b023cb5dad38c3533233747.php:0
[12-Apr-2017 07:52:53 UTC] PHP Fatal error:  Class 'Twig_Template' not found in /home/ubuntu/workspace/wp-content/uploads/cache/wpml/twig/df/df282c2bc7ef54af8d4b301dba0badcea8d4685860c3ec1fa4636a8fc946e362.php on line 5
[12-Apr-2017 07:52:53 UTC] PHP Stack trace:
[12-Apr-2017 07:52:53 UTC] PHP   1. {main}() /home/ubuntu/workspace/wp-content/uploads/cache/wpml/twig/df/df282c2bc7ef54af8d4b301dba0badcea8d4685860c3ec1fa4636a8fc946e362.php:0
[12-Apr-2017 07:52:54 UTC] PHP Fatal error:  Class 'Twig_Template' not found in /home/ubuntu/workspace/wp-content/uploads/cache/wpml/twig/a0/a0a5220b4561fd33b361c19fa8b9c672ca247e8f01c1314f034afbd1ecc23f65.php on line 5
[12-Apr-2017 07:52:54 UTC] PHP Stack trace:
[12-Apr-2017 07:52:54 UTC] PHP   1. {main}() /home/ubuntu/workspace/wp-content/uploads/cache/wpml/twig/a0/a0a5220b4561fd33b361c19fa8b9c672ca247e8f01c1314f034afbd1ecc23f65.php:0
[12-Apr-2017 07:52:54 UTC] PHP Fatal error:  Class 'Twig_Template' not found in /home/ubuntu/workspace/wp-content/uploads/cache/wpml/twig/b0/b08037e382ed704f5a26cf560adb23cbd73289f51f6cba43eeb501146df557f9.php on line 5
[12-Apr-2017 07:52:54 UTC] PHP Stack trace:
[12-Apr-2017 07:52:54 UTC] PHP   1. {main}() /home/ubuntu/workspace/wp-content/uploads/cache/wpml/twig/b0/b08037e382ed704f5a26cf560adb23cbd73289f51f6cba43eeb501146df557f9.php:0
[12-Apr-2017 07:52:55 UTC] PHP Fatal error:  Class 'Twig_Template' not found in /home/ubuntu/workspace/wp-content/uploads/cache/wpml/twig/0c/0c0b52f4a524bff90ea7d307ff07626f8191a983ebd8b4ef555c66b21be97ad4.php on line 5
[12-Apr-2017 07:52:55 UTC] PHP Stack trace:
[12-Apr-2017 07:52:55 UTC] PHP   1. {main}() /home/ubuntu/workspace/wp-content/uploads/cache/wpml/twig/0c/0c0b52f4a524bff90ea7d307ff07626f8191a983ebd8b4ef555c66b21be97ad4.php:0
[12-Apr-2017 07:52:56 UTC] PHP Fatal error:  Class 'Twig_Template' not found in /home/ubuntu/workspace/wp-content/uploads/cache/wpml/twig/63/632337ae79c27a8fae8b2b61bc0ca5607fa3f7e9997cbf4b59e3026dd5d556e8.php on line 5
[12-Apr-2017 07:52:56 UTC] PHP Stack trace:
[12-Apr-2017 07:52:56 UTC] PHP   1. {main}() /home/ubuntu/workspace/wp-content/uploads/cache/wpml/twig/63/632337ae79c27a8fae8b2b61bc0ca5607fa3f7e9997cbf4b59e3026dd5d556e8.php:0
[12-Apr-2017 07:52:57 UTC] PHP Fatal error:  Class 'Twig_Template' not found in /home/ubuntu/workspace/wp-content/uploads/cache/wpml/twig/d2/d20afe0800e26d13b69e2f45ab17baccc2ef3668be3bb114b19d758f9098a17e.php on line 5
[12-Apr-2017 07:52:57 UTC] PHP Stack trace:
[12-Apr-2017 07:52:57 UTC] PHP   1. {main}() /home/ubuntu/workspace/wp-content/uploads/cache/wpml/twig/d2/d20afe0800e26d13b69e2f45ab17baccc2ef3668be3bb114b19d758f9098a17e.php:0
[12-Apr-2017 07:52:58 UTC] PHP Fatal error:  Class 'Twig_Template' not found in /home/ubuntu/workspace/wp-content/uploads/cache/wpml/twig/0b/0b6ebbe55685b6047a8788c4885ffb65cdfecdcdd9cc9ccdcbc9365711849107.php on line 5
[12-Apr-2017 07:52:58 UTC] PHP Stack trace:
[12-Apr-2017 07:52:58 UTC] PHP   1. {main}() /home/ubuntu/workspace/wp-content/uploads/cache/wpml/twig/0b/0b6ebbe55685b6047a8788c4885ffb65cdfecdcdd9cc9ccdcbc9365711849107.php:0
[12-Apr-2017 07:52:59 UTC] PHP Fatal error:  Class 'Twig_Template' not found in /home/ubuntu/workspace/wp-content/uploads/cache/wpml/twig/27/278fec28bb3ce4b646ad3623e7ff12e7b176668f46060b31c042246a9dca8dd7.php on line 5
[12-Apr-2017 07:52:59 UTC] PHP Stack trace:
[12-Apr-2017 07:52:59 UTC] PHP   1. {main}() /home/ubuntu/workspace/wp-content/uploads/cache/wpml/twig/27/278fec28bb3ce4b646ad3623e7ff12e7b176668f46060b31c042246a9dca8dd7.php:0
[12-Apr-2017 07:52:59 UTC] PHP Fatal error:  Class 'Twig_Template' not found in /home/ubuntu/workspace/wp-content/uploads/cache/wpml/twig/76/7644af5dde6bf96a54b8a1ac7edf47ee72ff9ba08b46b1b0ea4c89be51745d4c.php on line 5
[12-Apr-2017 07:52:59 UTC] PHP Stack trace:
[12-Apr-2017 07:52:59 UTC] PHP   1. {main}() /home/ubuntu/workspace/wp-content/uploads/cache/wpml/twig/76/7644af5dde6bf96a54b8a1ac7edf47ee72ff9ba08b46b1b0ea4c89be51745d4c.php:0
[12-Apr-2017 07:53:00 UTC] PHP Fatal error:  Class 'Twig_Template' not found in /home/ubuntu/workspace/wp-content/uploads/cache/wpml/twig/cd/cda9777625b56c23c543e6e7785fd0e38bad06132c5133dda7d91284498f580e.php on line 5
[12-Apr-2017 07:53:00 UTC] PHP Stack trace:
[12-Apr-2017 07:53:00 UTC] PHP   1. {main}() /home/ubuntu/workspace/wp-content/uploads/cache/wpml/twig/cd/cda9777625b56c23c543e6e7785fd0e38bad06132c5133dda7d91284498f580e.php:0
[12-Apr-2017 07:53:01 UTC] PHP Fatal error:  Class 'Twig_Template' not found in /home/ubuntu/workspace/wp-content/uploads/cache/wpml/twig/c3/c33021613e02ae047e123701c4526d4e658e76b7ac63129c764f8be97e009475.php on line 5
[12-Apr-2017 07:53:01 UTC] PHP Stack trace:
[12-Apr-2017 07:53:01 UTC] PHP   1. {main}() /home/ubuntu/workspace/wp-content/uploads/cache/wpml/twig/c3/c33021613e02ae047e123701c4526d4e658e76b7ac63129c764f8be97e009475.php:0
[12-Apr-2017 08:13:12 UTC] PHP Fatal error:  Class 'Twig_Template' not found in /home/ubuntu/workspace/wp-content/uploads/cache/wpml/twig/3b/3bdf15539b8c2cfe39c60a00f95e9c6133edc9d42c759f0723917375ce7cdf81.php on line 5
[12-Apr-2017 08:13:12 UTC] PHP Stack trace:
[12-Apr-2017 08:13:12 UTC] PHP   1. {main}() /home/ubuntu/workspace/wp-content/uploads/cache/wpml/twig/3b/3bdf15539b8c2cfe39c60a00f95e9c6133edc9d42c759f0723917375ce7cdf81.php:0
[12-Apr-2017 08:13:12 UTC] PHP Fatal error:  Class 'Twig_Template' not found in /home/ubuntu/workspace/wp-content/uploads/cache/wpml/twig/01/01c6d4ca6ded4cd96593c58b177b0323431c65793c727ae319ab230e117c3cef.php on line 5
[12-Apr-2017 08:13:12 UTC] PHP Stack trace:
[12-Apr-2017 08:13:12 UTC] PHP   1. {main}() /home/ubuntu/workspace/wp-content/uploads/cache/wpml/twig/01/01c6d4ca6ded4cd96593c58b177b0323431c65793c727ae319ab230e117c3cef.php:0
[12-Apr-2017 08:13:13 UTC] PHP Fatal error:  Class 'Twig_Template' not found in /home/ubuntu/workspace/wp-content/uploads/cache/wpml/twig/6d/6d38aee1b0b52fc1df5d4dd5fae9be69150d7ee7fd96f50b016c0743e7cf9b7a.php on line 5
[12-Apr-2017 08:13:13 UTC] PHP Stack trace:
[12-Apr-2017 08:13:13 UTC] PHP   1. {main}() /home/ubuntu/workspace/wp-content/uploads/cache/wpml/twig/6d/6d38aee1b0b52fc1df5d4dd5fae9be69150d7ee7fd96f50b016c0743e7cf9b7a.php:0
[12-Apr-2017 08:13:14 UTC] PHP Fatal error:  Class 'Twig_Template' not found in /home/ubuntu/workspace/wp-content/uploads/cache/wpml/twig/8e/8ee4d2a9b6133412d6df798936559b1c7654c116ddcea6ba336505a086de63f6.php on line 5
[12-Apr-2017 08:13:14 UTC] PHP Stack trace:
[12-Apr-2017 08:13:14 UTC] PHP   1. {main}() /home/ubuntu/workspace/wp-content/uploads/cache/wpml/twig/8e/8ee4d2a9b6133412d6df798936559b1c7654c116ddcea6ba336505a086de63f6.php:0
[12-Apr-2017 08:13:15 UTC] PHP Fatal error:  Class 'Twig_Template' not found in /home/ubuntu/workspace/wp-content/uploads/cache/wpml/twig/00/00c83027c867f514ac6a451cd08265adc263f4483e08924ecd9407055141bee1.php on line 5
[12-Apr-2017 08:13:15 UTC] PHP Stack trace:
[12-Apr-2017 08:13:15 UTC] PHP   1. {main}() /home/ubuntu/workspace/wp-content/uploads/cache/wpml/twig/00/00c83027c867f514ac6a451cd08265adc263f4483e08924ecd9407055141bee1.php:0
[12-Apr-2017 08:13:15 UTC] PHP Fatal error:  Class 'Twig_Template' not found in /home/ubuntu/workspace/wp-content/uploads/cache/wpml/twig/02/02b6919d3968a1be1f791f5b2e7120ff04797f39ffc7b5d1e0c9ef45219a2f69.php on line 5
[12-Apr-2017 08:13:15 UTC] PHP Stack trace:
[12-Apr-2017 08:13:15 UTC] PHP   1. {main}() /home/ubuntu/workspace/wp-content/uploads/cache/wpml/twig/02/02b6919d3968a1be1f791f5b2e7120ff04797f39ffc7b5d1e0c9ef45219a2f69.php:0
[12-Apr-2017 08:13:16 UTC] PHP Fatal error:  Class 'Twig_Template' not found in /home/ubuntu/workspace/wp-content/uploads/cache/wpml/twig/02/029c2c6b5115429a08a9d71dac97b97b76707316f4f74192ded3adbc790db7db.php on line 5
[12-Apr-2017 08:13:16 UTC] PHP Stack trace:
[12-Apr-2017 08:13:16 UTC] PHP   1. {main}() /home/ubuntu/workspace/wp-content/uploads/cache/wpml/twig/02/029c2c6b5115429a08a9d71dac97b97b76707316f4f74192ded3adbc790db7db.php:0
[12-Apr-2017 08:13:17 UTC] PHP Fatal error:  Class 'Twig_Template' not found in /home/ubuntu/workspace/wp-content/uploads/cache/wpml/twig/66/6621489450b01d0fc8df3af76998d7ca5628e34f06b168aed31c37ce4cd52cd5.php on line 5
[12-Apr-2017 08:13:17 UTC] PHP Stack trace:
[12-Apr-2017 08:13:17 UTC] PHP   1. {main}() /home/ubuntu/workspace/wp-content/uploads/cache/wpml/twig/66/6621489450b01d0fc8df3af76998d7ca5628e34f06b168aed31c37ce4cd52cd5.php:0
[12-Apr-2017 08:13:17 UTC] PHP Fatal error:  Class 'Twig_Template' not found in /home/ubuntu/workspace/wp-content/uploads/cache/wpml/twig/a8/a88ec2b03171f15ab424e1f364ddba2dd7f3dcfbc67f933e0fd4f2154c225d93.php on line 5
[12-Apr-2017 08:13:17 UTC] PHP Stack trace:
[12-Apr-2017 08:13:17 UTC] PHP   1. {main}() /home/ubuntu/workspace/wp-content/uploads/cache/wpml/twig/a8/a88ec2b03171f15ab424e1f364ddba2dd7f3dcfbc67f933e0fd4f2154c225d93.php:0
[12-Apr-2017 08:13:18 UTC] PHP Fatal error:  Class 'Twig_Template' not found in /home/ubuntu/workspace/wp-content/uploads/cache/wpml/twig/b6/b64cf20fae8d3fcfd5453ca95d57397f2c7f55c42dc621b5af3c4d80c02c9ae6.php on line 5
[12-Apr-2017 08:13:18 UTC] PHP Stack trace:
[12-Apr-2017 08:13:18 UTC] PHP   1. {main}() /home/ubuntu/workspace/wp-content/uploads/cache/wpml/twig/b6/b64cf20fae8d3fcfd5453ca95d57397f2c7f55c42dc621b5af3c4d80c02c9ae6.php:0
[12-Apr-2017 08:13:19 UTC] PHP Fatal error:  Class 'Twig_Template' not found in /home/ubuntu/workspace/wp-content/uploads/cache/wpml/twig/86/86d22382ac2acb5f6091b11ec336a9fc28200b2ef94824eeab80bda661d90178.php on line 5
[12-Apr-2017 08:13:19 UTC] PHP Stack trace:
[12-Apr-2017 08:13:19 UTC] PHP   1. {main}() /home/ubuntu/workspace/wp-content/uploads/cache/wpml/twig/86/86d22382ac2acb5f6091b11ec336a9fc28200b2ef94824eeab80bda661d90178.php:0
[12-Apr-2017 08:13:19 UTC] PHP Fatal error:  Class 'Twig_Template' not found in /home/ubuntu/workspace/wp-content/uploads/cache/wpml/twig/2b/2b5321c85e659e3cd2c25bd44265953f93a9bcbe07edbe274f5d404cd0ee824e.php on line 5
[12-Apr-2017 08:13:19 UTC] PHP Stack trace:
[12-Apr-2017 08:13:19 UTC] PHP   1. {main}() /home/ubuntu/workspace/wp-content/uploads/cache/wpml/twig/2b/2b5321c85e659e3cd2c25bd44265953f93a9bcbe07edbe274f5d404cd0ee824e.php:0
[12-Apr-2017 08:13:20 UTC] PHP Fatal error:  Class 'Twig_Template' not found in /home/ubuntu/workspace/wp-content/uploads/cache/wpml/twig/3a/3a53b6739d9d10c12736de7996812154667edf52d9e5e1bf947bae8826e99bde.php on line 5
[12-Apr-2017 08:13:20 UTC] PHP Stack trace:
[12-Apr-2017 08:13:20 UTC] PHP   1. {main}() /home/ubuntu/workspace/wp-content/uploads/cache/wpml/twig/3a/3a53b6739d9d10c12736de7996812154667edf52d9e5e1bf947bae8826e99bde.php:0
[12-Apr-2017 08:13:21 UTC] PHP Fatal error:  Class 'Twig_Template' not found in /home/ubuntu/workspace/wp-content/uploads/cache/wpml/twig/56/568cd680a1ac78b22a5881e74bb591abd580d4a47dd0a8d420080f4acaa8296c.php on line 5
[12-Apr-2017 08:13:21 UTC] PHP Stack trace:
[12-Apr-2017 08:13:21 UTC] PHP   1. {main}() /home/ubuntu/workspace/wp-content/uploads/cache/wpml/twig/56/568cd680a1ac78b22a5881e74bb591abd580d4a47dd0a8d420080f4acaa8296c.php:0
[12-Apr-2017 08:13:22 UTC] PHP Fatal error:  Class 'Twig_Template' not found in /home/ubuntu/workspace/wp-content/uploads/cache/wpml/twig/71/7150e5cad57353129446484d0f72dd29cc4b2974a18141de3a5e6aa021f15abd.php on line 5
[12-Apr-2017 08:13:22 UTC] PHP Stack trace:
[12-Apr-2017 08:13:22 UTC] PHP   1. {main}() /home/ubuntu/workspace/wp-content/uploads/cache/wpml/twig/71/7150e5cad57353129446484d0f72dd29cc4b2974a18141de3a5e6aa021f15abd.php:0
[12-Apr-2017 08:13:22 UTC] PHP Fatal error:  Class 'Twig_Template' not found in /home/ubuntu/workspace/wp-content/uploads/cache/wpml/twig/1d/1dcb433304db79fa61457976bff78b5e7f61e65ca326b846b0d7b3392e8f01d1.php on line 5
[12-Apr-2017 08:13:22 UTC] PHP Stack trace:
[12-Apr-2017 08:13:22 UTC] PHP   1. {main}() /home/ubuntu/workspace/wp-content/uploads/cache/wpml/twig/1d/1dcb433304db79fa61457976bff78b5e7f61e65ca326b846b0d7b3392e8f01d1.php:0
[12-Apr-2017 08:13:23 UTC] PHP Fatal error:  Class 'Twig_Template' not found in /home/ubuntu/workspace/wp-content/uploads/cache/wpml/twig/cc/cc543bc0a862919c0229b93a1af5cb610b8d5a4d98a9fb2261aad324eaa48d27.php on line 5
[12-Apr-2017 08:13:23 UTC] PHP Stack trace:
[12-Apr-2017 08:13:23 UTC] PHP   1. {main}() /home/ubuntu/workspace/wp-content/uploads/cache/wpml/twig/cc/cc543bc0a862919c0229b93a1af5cb610b8d5a4d98a9fb2261aad324eaa48d27.php:0
[12-Apr-2017 08:13:24 UTC] PHP Fatal error:  Class 'Twig_Template' not found in /home/ubuntu/workspace/wp-content/uploads/cache/wpml/twig/e2/e219b7e84aaa5b751ca06654935b23b251f915ae4a9ab164bb34eb8eeb97ff11.php on line 5
[12-Apr-2017 08:13:24 UTC] PHP Stack trace:
[12-Apr-2017 08:13:24 UTC] PHP   1. {main}() /home/ubuntu/workspace/wp-content/uploads/cache/wpml/twig/e2/e219b7e84aaa5b751ca06654935b23b251f915ae4a9ab164bb34eb8eeb97ff11.php:0
[12-Apr-2017 08:13:24 UTC] PHP Fatal error:  Class 'Twig_Template' not found in /home/ubuntu/workspace/wp-content/uploads/cache/wpml/twig/f6/f62f8c62bdd38db0ce4f65e83e624435732c4e6b816c6e506f8bbb3c699005d4.php on line 5
[12-Apr-2017 08:13:24 UTC] PHP Stack trace:
[12-Apr-2017 08:13:24 UTC] PHP   1. {main}() /home/ubuntu/workspace/wp-content/uploads/cache/wpml/twig/f6/f62f8c62bdd38db0ce4f65e83e624435732c4e6b816c6e506f8bbb3c699005d4.php:0
[12-Apr-2017 08:13:25 UTC] PHP Fatal error:  Class 'Twig_Template' not found in /home/ubuntu/workspace/wp-content/uploads/cache/wpml/twig/c8/c8e3de6718235e2ae86fa517a2ecd2edf49ab94ce83f6ea2de73f18ef5cc89c0.php on line 5
[12-Apr-2017 08:13:25 UTC] PHP Stack trace:
[12-Apr-2017 08:13:25 UTC] PHP   1. {main}() /home/ubuntu/workspace/wp-content/uploads/cache/wpml/twig/c8/c8e3de6718235e2ae86fa517a2ecd2edf49ab94ce83f6ea2de73f18ef5cc89c0.php:0
[12-Apr-2017 08:13:26 UTC] PHP Fatal error:  Class 'Twig_Template' not found in /home/ubuntu/workspace/wp-content/uploads/cache/wpml/twig/81/81057799b203c2f98d964817216f2addaf00d74cc746e76143811d0137570c91.php on line 5
[12-Apr-2017 08:13:26 UTC] PHP Stack trace:
[12-Apr-2017 08:13:26 UTC] PHP   1. {main}() /home/ubuntu/workspace/wp-content/uploads/cache/wpml/twig/81/81057799b203c2f98d964817216f2addaf00d74cc746e76143811d0137570c91.php:0
[12-Apr-2017 08:13:27 UTC] PHP Fatal error:  Class 'Twig_Template' not found in /home/ubuntu/workspace/wp-content/uploads/cache/wpml/twig/db/db814cb846a7dbdd390d270e348f6e672785b3b2fcb7da4d96d337108a0e4bd3.php on line 5
[12-Apr-2017 08:13:27 UTC] PHP Stack trace:
[12-Apr-2017 08:13:27 UTC] PHP   1. {main}() /home/ubuntu/workspace/wp-content/uploads/cache/wpml/twig/db/db814cb846a7dbdd390d270e348f6e672785b3b2fcb7da4d96d337108a0e4bd3.php:0
[12-Apr-2017 08:13:27 UTC] PHP Fatal error:  Class 'Twig_Template' not found in /home/ubuntu/workspace/wp-content/uploads/cache/wpml/twig/1b/1b577801d9a003b35a7d1711668d8d80e48f6b673b023cb5dad38c3533233747.php on line 5
[12-Apr-2017 08:13:27 UTC] PHP Stack trace:
[12-Apr-2017 08:13:27 UTC] PHP   1. {main}() /home/ubuntu/workspace/wp-content/uploads/cache/wpml/twig/1b/1b577801d9a003b35a7d1711668d8d80e48f6b673b023cb5dad38c3533233747.php:0
[12-Apr-2017 08:13:28 UTC] PHP Fatal error:  Class 'Twig_Template' not found in /home/ubuntu/workspace/wp-content/uploads/cache/wpml/twig/df/df282c2bc7ef54af8d4b301dba0badcea8d4685860c3ec1fa4636a8fc946e362.php on line 5
[12-Apr-2017 08:13:28 UTC] PHP Stack trace:
[12-Apr-2017 08:13:28 UTC] PHP   1. {main}() /home/ubuntu/workspace/wp-content/uploads/cache/wpml/twig/df/df282c2bc7ef54af8d4b301dba0badcea8d4685860c3ec1fa4636a8fc946e362.php:0
[12-Apr-2017 08:13:29 UTC] PHP Fatal error:  Class 'Twig_Template' not found in /home/ubuntu/workspace/wp-content/uploads/cache/wpml/twig/a0/a0a5220b4561fd33b361c19fa8b9c672ca247e8f01c1314f034afbd1ecc23f65.php on line 5
[12-Apr-2017 08:13:29 UTC] PHP Stack trace:
[12-Apr-2017 08:13:29 UTC] PHP   1. {main}() /home/ubuntu/workspace/wp-content/uploads/cache/wpml/twig/a0/a0a5220b4561fd33b361c19fa8b9c672ca247e8f01c1314f034afbd1ecc23f65.php:0
[12-Apr-2017 08:13:29 UTC] PHP Fatal error:  Class 'Twig_Template' not found in /home/ubuntu/workspace/wp-content/uploads/cache/wpml/twig/b0/b08037e382ed704f5a26cf560adb23cbd73289f51f6cba43eeb501146df557f9.php on line 5
[12-Apr-2017 08:13:29 UTC] PHP Stack trace:
[12-Apr-2017 08:13:29 UTC] PHP   1. {main}() /home/ubuntu/workspace/wp-content/uploads/cache/wpml/twig/b0/b08037e382ed704f5a26cf560adb23cbd73289f51f6cba43eeb501146df557f9.php:0
[12-Apr-2017 08:13:30 UTC] PHP Fatal error:  Class 'Twig_Template' not found in /home/ubuntu/workspace/wp-content/uploads/cache/wpml/twig/0c/0c0b52f4a524bff90ea7d307ff07626f8191a983ebd8b4ef555c66b21be97ad4.php on line 5
[12-Apr-2017 08:13:30 UTC] PHP Stack trace:
[12-Apr-2017 08:13:30 UTC] PHP   1. {main}() /home/ubuntu/workspace/wp-content/uploads/cache/wpml/twig/0c/0c0b52f4a524bff90ea7d307ff07626f8191a983ebd8b4ef555c66b21be97ad4.php:0
[12-Apr-2017 08:13:31 UTC] PHP Fatal error:  Class 'Twig_Template' not found in /home/ubuntu/workspace/wp-content/uploads/cache/wpml/twig/63/632337ae79c27a8fae8b2b61bc0ca5607fa3f7e9997cbf4b59e3026dd5d556e8.php on line 5
[12-Apr-2017 08:13:31 UTC] PHP Stack trace:
[12-Apr-2017 08:13:31 UTC] PHP   1. {main}() /home/ubuntu/workspace/wp-content/uploads/cache/wpml/twig/63/632337ae79c27a8fae8b2b61bc0ca5607fa3f7e9997cbf4b59e3026dd5d556e8.php:0
[12-Apr-2017 08:13:32 UTC] PHP Fatal error:  Class 'Twig_Template' not found in /home/ubuntu/workspace/wp-content/uploads/cache/wpml/twig/d2/d20afe0800e26d13b69e2f45ab17baccc2ef3668be3bb114b19d758f9098a17e.php on line 5
[12-Apr-2017 08:13:32 UTC] PHP Stack trace:
[12-Apr-2017 08:13:32 UTC] PHP   1. {main}() /home/ubuntu/workspace/wp-content/uploads/cache/wpml/twig/d2/d20afe0800e26d13b69e2f45ab17baccc2ef3668be3bb114b19d758f9098a17e.php:0
[12-Apr-2017 08:13:33 UTC] PHP Fatal error:  Class 'Twig_Template' not found in /home/ubuntu/workspace/wp-content/uploads/cache/wpml/twig/0b/0b6ebbe55685b6047a8788c4885ffb65cdfecdcdd9cc9ccdcbc9365711849107.php on line 5
[12-Apr-2017 08:13:33 UTC] PHP Stack trace:
[12-Apr-2017 08:13:33 UTC] PHP   1. {main}() /home/ubuntu/workspace/wp-content/uploads/cache/wpml/twig/0b/0b6ebbe55685b6047a8788c4885ffb65cdfecdcdd9cc9ccdcbc9365711849107.php:0
[12-Apr-2017 08:13:34 UTC] PHP Fatal error:  Class 'Twig_Template' not found in /home/ubuntu/workspace/wp-content/uploads/cache/wpml/twig/27/278fec28bb3ce4b646ad3623e7ff12e7b176668f46060b31c042246a9dca8dd7.php on line 5
[12-Apr-2017 08:13:34 UTC] PHP Stack trace:
[12-Apr-2017 08:13:34 UTC] PHP   1. {main}() /home/ubuntu/workspace/wp-content/uploads/cache/wpml/twig/27/278fec28bb3ce4b646ad3623e7ff12e7b176668f46060b31c042246a9dca8dd7.php:0
[12-Apr-2017 08:13:35 UTC] PHP Fatal error:  Class 'Twig_Template' not found in /home/ubuntu/workspace/wp-content/uploads/cache/wpml/twig/76/7644af5dde6bf96a54b8a1ac7edf47ee72ff9ba08b46b1b0ea4c89be51745d4c.php on line 5
[12-Apr-2017 08:13:35 UTC] PHP Stack trace:
[12-Apr-2017 08:13:35 UTC] PHP   1. {main}() /home/ubuntu/workspace/wp-content/uploads/cache/wpml/twig/76/7644af5dde6bf96a54b8a1ac7edf47ee72ff9ba08b46b1b0ea4c89be51745d4c.php:0
[12-Apr-2017 08:13:36 UTC] PHP Fatal error:  Class 'Twig_Template' not found in /home/ubuntu/workspace/wp-content/uploads/cache/wpml/twig/cd/cda9777625b56c23c543e6e7785fd0e38bad06132c5133dda7d91284498f580e.php on line 5
[12-Apr-2017 08:13:36 UTC] PHP Stack trace:
[12-Apr-2017 08:13:36 UTC] PHP   1. {main}() /home/ubuntu/workspace/wp-content/uploads/cache/wpml/twig/cd/cda9777625b56c23c543e6e7785fd0e38bad06132c5133dda7d91284498f580e.php:0
[12-Apr-2017 08:13:36 UTC] PHP Fatal error:  Class 'Twig_Template' not found in /home/ubuntu/workspace/wp-content/uploads/cache/wpml/twig/c3/c33021613e02ae047e123701c4526d4e658e76b7ac63129c764f8be97e009475.php on line 5
[12-Apr-2017 08:13:36 UTC] PHP Stack trace:
[12-Apr-2017 08:13:36 UTC] PHP   1. {main}() /home/ubuntu/workspace/wp-content/uploads/cache/wpml/twig/c3/c33021613e02ae047e123701c4526d4e658e76b7ac63129c764f8be97e009475.php:0
[12-Apr-2017 08:47:54 UTC] PHP Fatal error:  Class 'Twig_Template' not found in /home/ubuntu/workspace/wp-content/uploads/cache/wpml/twig/3b/3bdf15539b8c2cfe39c60a00f95e9c6133edc9d42c759f0723917375ce7cdf81.php on line 5
[12-Apr-2017 08:47:54 UTC] PHP Stack trace:
[12-Apr-2017 08:47:54 UTC] PHP   1. {main}() /home/ubuntu/workspace/wp-content/uploads/cache/wpml/twig/3b/3bdf15539b8c2cfe39c60a00f95e9c6133edc9d42c759f0723917375ce7cdf81.php:0
[12-Apr-2017 08:47:55 UTC] PHP Fatal error:  Class 'Twig_Template' not found in /home/ubuntu/workspace/wp-content/uploads/cache/wpml/twig/01/01c6d4ca6ded4cd96593c58b177b0323431c65793c727ae319ab230e117c3cef.php on line 5
[12-Apr-2017 08:47:55 UTC] PHP Stack trace:
[12-Apr-2017 08:47:55 UTC] PHP   1. {main}() /home/ubuntu/workspace/wp-content/uploads/cache/wpml/twig/01/01c6d4ca6ded4cd96593c58b177b0323431c65793c727ae319ab230e117c3cef.php:0
[12-Apr-2017 08:47:56 UTC] PHP Fatal error:  Class 'Twig_Template' not found in /home/ubuntu/workspace/wp-content/uploads/cache/wpml/twig/6d/6d38aee1b0b52fc1df5d4dd5fae9be69150d7ee7fd96f50b016c0743e7cf9b7a.php on line 5
[12-Apr-2017 08:47:56 UTC] PHP Stack trace:
[12-Apr-2017 08:47:56 UTC] PHP   1. {main}() /home/ubuntu/workspace/wp-content/uploads/cache/wpml/twig/6d/6d38aee1b0b52fc1df5d4dd5fae9be69150d7ee7fd96f50b016c0743e7cf9b7a.php:0
[12-Apr-2017 08:47:56 UTC] PHP Fatal error:  Class 'Twig_Template' not found in /home/ubuntu/workspace/wp-content/uploads/cache/wpml/twig/8e/8ee4d2a9b6133412d6df798936559b1c7654c116ddcea6ba336505a086de63f6.php on line 5
[12-Apr-2017 08:47:56 UTC] PHP Stack trace:
[12-Apr-2017 08:47:56 UTC] PHP   1. {main}() /home/ubuntu/workspace/wp-content/uploads/cache/wpml/twig/8e/8ee4d2a9b6133412d6df798936559b1c7654c116ddcea6ba336505a086de63f6.php:0
[12-Apr-2017 08:47:57 UTC] PHP Fatal error:  Class 'Twig_Template' not found in /home/ubuntu/workspace/wp-content/uploads/cache/wpml/twig/00/00c83027c867f514ac6a451cd08265adc263f4483e08924ecd9407055141bee1.php on line 5
[12-Apr-2017 08:47:57 UTC] PHP Stack trace:
[12-Apr-2017 08:47:57 UTC] PHP   1. {main}() /home/ubuntu/workspace/wp-content/uploads/cache/wpml/twig/00/00c83027c867f514ac6a451cd08265adc263f4483e08924ecd9407055141bee1.php:0
[12-Apr-2017 08:47:58 UTC] PHP Fatal error:  Class 'Twig_Template' not found in /home/ubuntu/workspace/wp-content/uploads/cache/wpml/twig/02/02b6919d3968a1be1f791f5b2e7120ff04797f39ffc7b5d1e0c9ef45219a2f69.php on line 5
[12-Apr-2017 08:47:58 UTC] PHP Stack trace:
[12-Apr-2017 08:47:58 UTC] PHP   1. {main}() /home/ubuntu/workspace/wp-content/uploads/cache/wpml/twig/02/02b6919d3968a1be1f791f5b2e7120ff04797f39ffc7b5d1e0c9ef45219a2f69.php:0
[12-Apr-2017 08:47:58 UTC] PHP Fatal error:  Class 'Twig_Template' not found in /home/ubuntu/workspace/wp-content/uploads/cache/wpml/twig/02/029c2c6b5115429a08a9d71dac97b97b76707316f4f74192ded3adbc790db7db.php on line 5
[12-Apr-2017 08:47:58 UTC] PHP Stack trace:
[12-Apr-2017 08:47:58 UTC] PHP   1. {main}() /home/ubuntu/workspace/wp-content/uploads/cache/wpml/twig/02/029c2c6b5115429a08a9d71dac97b97b76707316f4f74192ded3adbc790db7db.php:0
[12-Apr-2017 08:47:59 UTC] PHP Fatal error:  Class 'Twig_Template' not found in /home/ubuntu/workspace/wp-content/uploads/cache/wpml/twig/66/6621489450b01d0fc8df3af76998d7ca5628e34f06b168aed31c37ce4cd52cd5.php on line 5
[12-Apr-2017 08:47:59 UTC] PHP Stack trace:
[12-Apr-2017 08:47:59 UTC] PHP   1. {main}() /home/ubuntu/workspace/wp-content/uploads/cache/wpml/twig/66/6621489450b01d0fc8df3af76998d7ca5628e34f06b168aed31c37ce4cd52cd5.php:0
[12-Apr-2017 08:48:00 UTC] PHP Fatal error:  Class 'Twig_Template' not found in /home/ubuntu/workspace/wp-content/uploads/cache/wpml/twig/a8/a88ec2b03171f15ab424e1f364ddba2dd7f3dcfbc67f933e0fd4f2154c225d93.php on line 5
[12-Apr-2017 08:48:00 UTC] PHP Stack trace:
[12-Apr-2017 08:48:00 UTC] PHP   1. {main}() /home/ubuntu/workspace/wp-content/uploads/cache/wpml/twig/a8/a88ec2b03171f15ab424e1f364ddba2dd7f3dcfbc67f933e0fd4f2154c225d93.php:0
[12-Apr-2017 08:48:01 UTC] PHP Fatal error:  Class 'Twig_Template' not found in /home/ubuntu/workspace/wp-content/uploads/cache/wpml/twig/b6/b64cf20fae8d3fcfd5453ca95d57397f2c7f55c42dc621b5af3c4d80c02c9ae6.php on line 5
[12-Apr-2017 08:48:01 UTC] PHP Stack trace:
[12-Apr-2017 08:48:01 UTC] PHP   1. {main}() /home/ubuntu/workspace/wp-content/uploads/cache/wpml/twig/b6/b64cf20fae8d3fcfd5453ca95d57397f2c7f55c42dc621b5af3c4d80c02c9ae6.php:0
[12-Apr-2017 08:48:01 UTC] PHP Fatal error:  Class 'Twig_Template' not found in /home/ubuntu/workspace/wp-content/uploads/cache/wpml/twig/86/86d22382ac2acb5f6091b11ec336a9fc28200b2ef94824eeab80bda661d90178.php on line 5
[12-Apr-2017 08:48:01 UTC] PHP Stack trace:
[12-Apr-2017 08:48:01 UTC] PHP   1. {main}() /home/ubuntu/workspace/wp-content/uploads/cache/wpml/twig/86/86d22382ac2acb5f6091b11ec336a9fc28200b2ef94824eeab80bda661d90178.php:0
[12-Apr-2017 08:48:02 UTC] PHP Fatal error:  Class 'Twig_Template' not found in /home/ubuntu/workspace/wp-content/uploads/cache/wpml/twig/2b/2b5321c85e659e3cd2c25bd44265953f93a9bcbe07edbe274f5d404cd0ee824e.php on line 5
[12-Apr-2017 08:48:02 UTC] PHP Stack trace:
[12-Apr-2017 08:48:02 UTC] PHP   1. {main}() /home/ubuntu/workspace/wp-content/uploads/cache/wpml/twig/2b/2b5321c85e659e3cd2c25bd44265953f93a9bcbe07edbe274f5d404cd0ee824e.php:0
[12-Apr-2017 08:48:03 UTC] PHP Fatal error:  Class 'Twig_Template' not found in /home/ubuntu/workspace/wp-content/uploads/cache/wpml/twig/3a/3a53b6739d9d10c12736de7996812154667edf52d9e5e1bf947bae8826e99bde.php on line 5
[12-Apr-2017 08:48:03 UTC] PHP Stack trace:
[12-Apr-2017 08:48:03 UTC] PHP   1. {main}() /home/ubuntu/workspace/wp-content/uploads/cache/wpml/twig/3a/3a53b6739d9d10c12736de7996812154667edf52d9e5e1bf947bae8826e99bde.php:0
[12-Apr-2017 08:48:03 UTC] PHP Fatal error:  Class 'Twig_Template' not found in /home/ubuntu/workspace/wp-content/uploads/cache/wpml/twig/56/568cd680a1ac78b22a5881e74bb591abd580d4a47dd0a8d420080f4acaa8296c.php on line 5
[12-Apr-2017 08:48:03 UTC] PHP Stack trace:
[12-Apr-2017 08:48:03 UTC] PHP   1. {main}() /home/ubuntu/workspace/wp-content/uploads/cache/wpml/twig/56/568cd680a1ac78b22a5881e74bb591abd580d4a47dd0a8d420080f4acaa8296c.php:0
[12-Apr-2017 08:48:04 UTC] PHP Fatal error:  Class 'Twig_Template' not found in /home/ubuntu/workspace/wp-content/uploads/cache/wpml/twig/71/7150e5cad57353129446484d0f72dd29cc4b2974a18141de3a5e6aa021f15abd.php on line 5
[12-Apr-2017 08:48:04 UTC] PHP Stack trace:
[12-Apr-2017 08:48:04 UTC] PHP   1. {main}() /home/ubuntu/workspace/wp-content/uploads/cache/wpml/twig/71/7150e5cad57353129446484d0f72dd29cc4b2974a18141de3a5e6aa021f15abd.php:0
[12-Apr-2017 08:48:05 UTC] PHP Fatal error:  Class 'Twig_Template' not found in /home/ubuntu/workspace/wp-content/uploads/cache/wpml/twig/1d/1dcb433304db79fa61457976bff78b5e7f61e65ca326b846b0d7b3392e8f01d1.php on line 5
[12-Apr-2017 08:48:05 UTC] PHP Stack trace:
[12-Apr-2017 08:48:05 UTC] PHP   1. {main}() /home/ubuntu/workspace/wp-content/uploads/cache/wpml/twig/1d/1dcb433304db79fa61457976bff78b5e7f61e65ca326b846b0d7b3392e8f01d1.php:0
[12-Apr-2017 08:48:05 UTC] PHP Fatal error:  Class 'Twig_Template' not found in /home/ubuntu/workspace/wp-content/uploads/cache/wpml/twig/cc/cc543bc0a862919c0229b93a1af5cb610b8d5a4d98a9fb2261aad324eaa48d27.php on line 5
[12-Apr-2017 08:48:05 UTC] PHP Stack trace:
[12-Apr-2017 08:48:05 UTC] PHP   1. {main}() /home/ubuntu/workspace/wp-content/uploads/cache/wpml/twig/cc/cc543bc0a862919c0229b93a1af5cb610b8d5a4d98a9fb2261aad324eaa48d27.php:0
[12-Apr-2017 08:48:06 UTC] PHP Fatal error:  Class 'Twig_Template' not found in /home/ubuntu/workspace/wp-content/uploads/cache/wpml/twig/e2/e219b7e84aaa5b751ca06654935b23b251f915ae4a9ab164bb34eb8eeb97ff11.php on line 5
[12-Apr-2017 08:48:06 UTC] PHP Stack trace:
[12-Apr-2017 08:48:06 UTC] PHP   1. {main}() /home/ubuntu/workspace/wp-content/uploads/cache/wpml/twig/e2/e219b7e84aaa5b751ca06654935b23b251f915ae4a9ab164bb34eb8eeb97ff11.php:0
[12-Apr-2017 08:48:07 UTC] PHP Fatal error:  Class 'Twig_Template' not found in /home/ubuntu/workspace/wp-content/uploads/cache/wpml/twig/f6/f62f8c62bdd38db0ce4f65e83e624435732c4e6b816c6e506f8bbb3c699005d4.php on line 5
[12-Apr-2017 08:48:07 UTC] PHP Stack trace:
[12-Apr-2017 08:48:07 UTC] PHP   1. {main}() /home/ubuntu/workspace/wp-content/uploads/cache/wpml/twig/f6/f62f8c62bdd38db0ce4f65e83e624435732c4e6b816c6e506f8bbb3c699005d4.php:0
[12-Apr-2017 08:48:08 UTC] PHP Fatal error:  Class 'Twig_Template' not found in /home/ubuntu/workspace/wp-content/uploads/cache/wpml/twig/c8/c8e3de6718235e2ae86fa517a2ecd2edf49ab94ce83f6ea2de73f18ef5cc89c0.php on line 5
[12-Apr-2017 08:48:08 UTC] PHP Stack trace:
[12-Apr-2017 08:48:08 UTC] PHP   1. {main}() /home/ubuntu/workspace/wp-content/uploads/cache/wpml/twig/c8/c8e3de6718235e2ae86fa517a2ecd2edf49ab94ce83f6ea2de73f18ef5cc89c0.php:0
[12-Apr-2017 08:48:08 UTC] PHP Fatal error:  Class 'Twig_Template' not found in /home/ubuntu/workspace/wp-content/uploads/cache/wpml/twig/81/81057799b203c2f98d964817216f2addaf00d74cc746e76143811d0137570c91.php on line 5
[12-Apr-2017 08:48:08 UTC] PHP Stack trace:
[12-Apr-2017 08:48:08 UTC] PHP   1. {main}() /home/ubuntu/workspace/wp-content/uploads/cache/wpml/twig/81/81057799b203c2f98d964817216f2addaf00d74cc746e76143811d0137570c91.php:0
[12-Apr-2017 08:48:09 UTC] PHP Fatal error:  Class 'Twig_Template' not found in /home/ubuntu/workspace/wp-content/uploads/cache/wpml/twig/db/db814cb846a7dbdd390d270e348f6e672785b3b2fcb7da4d96d337108a0e4bd3.php on line 5
[12-Apr-2017 08:48:09 UTC] PHP Stack trace:
[12-Apr-2017 08:48:09 UTC] PHP   1. {main}() /home/ubuntu/workspace/wp-content/uploads/cache/wpml/twig/db/db814cb846a7dbdd390d270e348f6e672785b3b2fcb7da4d96d337108a0e4bd3.php:0
[12-Apr-2017 08:48:10 UTC] PHP Fatal error:  Class 'Twig_Template' not found in /home/ubuntu/workspace/wp-content/uploads/cache/wpml/twig/1b/1b577801d9a003b35a7d1711668d8d80e48f6b673b023cb5dad38c3533233747.php on line 5
[12-Apr-2017 08:48:10 UTC] PHP Stack trace:
[12-Apr-2017 08:48:10 UTC] PHP   1. {main}() /home/ubuntu/workspace/wp-content/uploads/cache/wpml/twig/1b/1b577801d9a003b35a7d1711668d8d80e48f6b673b023cb5dad38c3533233747.php:0
[12-Apr-2017 08:48:10 UTC] PHP Fatal error:  Class 'Twig_Template' not found in /home/ubuntu/workspace/wp-content/uploads/cache/wpml/twig/df/df282c2bc7ef54af8d4b301dba0badcea8d4685860c3ec1fa4636a8fc946e362.php on line 5
[12-Apr-2017 08:48:10 UTC] PHP Stack trace:
[12-Apr-2017 08:48:10 UTC] PHP   1. {main}() /home/ubuntu/workspace/wp-content/uploads/cache/wpml/twig/df/df282c2bc7ef54af8d4b301dba0badcea8d4685860c3ec1fa4636a8fc946e362.php:0
[12-Apr-2017 08:48:11 UTC] PHP Fatal error:  Class 'Twig_Template' not found in /home/ubuntu/workspace/wp-content/uploads/cache/wpml/twig/a0/a0a5220b4561fd33b361c19fa8b9c672ca247e8f01c1314f034afbd1ecc23f65.php on line 5
[12-Apr-2017 08:48:11 UTC] PHP Stack trace:
[12-Apr-2017 08:48:11 UTC] PHP   1. {main}() /home/ubuntu/workspace/wp-content/uploads/cache/wpml/twig/a0/a0a5220b4561fd33b361c19fa8b9c672ca247e8f01c1314f034afbd1ecc23f65.php:0
[12-Apr-2017 08:48:12 UTC] PHP Fatal error:  Class 'Twig_Template' not found in /home/ubuntu/workspace/wp-content/uploads/cache/wpml/twig/b0/b08037e382ed704f5a26cf560adb23cbd73289f51f6cba43eeb501146df557f9.php on line 5
[12-Apr-2017 08:48:12 UTC] PHP Stack trace:
[12-Apr-2017 08:48:12 UTC] PHP   1. {main}() /home/ubuntu/workspace/wp-content/uploads/cache/wpml/twig/b0/b08037e382ed704f5a26cf560adb23cbd73289f51f6cba43eeb501146df557f9.php:0
[12-Apr-2017 08:48:12 UTC] PHP Fatal error:  Class 'Twig_Template' not found in /home/ubuntu/workspace/wp-content/uploads/cache/wpml/twig/0c/0c0b52f4a524bff90ea7d307ff07626f8191a983ebd8b4ef555c66b21be97ad4.php on line 5
[12-Apr-2017 08:48:12 UTC] PHP Stack trace:
[12-Apr-2017 08:48:12 UTC] PHP   1. {main}() /home/ubuntu/workspace/wp-content/uploads/cache/wpml/twig/0c/0c0b52f4a524bff90ea7d307ff07626f8191a983ebd8b4ef555c66b21be97ad4.php:0
[12-Apr-2017 08:48:13 UTC] PHP Fatal error:  Class 'Twig_Template' not found in /home/ubuntu/workspace/wp-content/uploads/cache/wpml/twig/63/632337ae79c27a8fae8b2b61bc0ca5607fa3f7e9997cbf4b59e3026dd5d556e8.php on line 5
[12-Apr-2017 08:48:13 UTC] PHP Stack trace:
[12-Apr-2017 08:48:13 UTC] PHP   1. {main}() /home/ubuntu/workspace/wp-content/uploads/cache/wpml/twig/63/632337ae79c27a8fae8b2b61bc0ca5607fa3f7e9997cbf4b59e3026dd5d556e8.php:0
[12-Apr-2017 08:48:14 UTC] PHP Fatal error:  Class 'Twig_Template' not found in /home/ubuntu/workspace/wp-content/uploads/cache/wpml/twig/d2/d20afe0800e26d13b69e2f45ab17baccc2ef3668be3bb114b19d758f9098a17e.php on line 5
[12-Apr-2017 08:48:14 UTC] PHP Stack trace:
[12-Apr-2017 08:48:14 UTC] PHP   1. {main}() /home/ubuntu/workspace/wp-content/uploads/cache/wpml/twig/d2/d20afe0800e26d13b69e2f45ab17baccc2ef3668be3bb114b19d758f9098a17e.php:0
[12-Apr-2017 08:48:15 UTC] PHP Fatal error:  Class 'Twig_Template' not found in /home/ubuntu/workspace/wp-content/uploads/cache/wpml/twig/0b/0b6ebbe55685b6047a8788c4885ffb65cdfecdcdd9cc9ccdcbc9365711849107.php on line 5
[12-Apr-2017 08:48:15 UTC] PHP Stack trace:
[12-Apr-2017 08:48:15 UTC] PHP   1. {main}() /home/ubuntu/workspace/wp-content/uploads/cache/wpml/twig/0b/0b6ebbe55685b6047a8788c4885ffb65cdfecdcdd9cc9ccdcbc9365711849107.php:0
[12-Apr-2017 08:48:16 UTC] PHP Fatal error:  Class 'Twig_Template' not found in /home/ubuntu/workspace/wp-content/uploads/cache/wpml/twig/27/278fec28bb3ce4b646ad3623e7ff12e7b176668f46060b31c042246a9dca8dd7.php on line 5
[12-Apr-2017 08:48:16 UTC] PHP Stack trace:
[12-Apr-2017 08:48:16 UTC] PHP   1. {main}() /home/ubuntu/workspace/wp-content/uploads/cache/wpml/twig/27/278fec28bb3ce4b646ad3623e7ff12e7b176668f46060b31c042246a9dca8dd7.php:0
